<?xml version="1.0" encoding="UTF-8"?>
<testng-results skipped="0" failed="0" ignored="0" total="1" passed="1">
  <reporter-output>
  </reporter-output>
  <suite name="Default suite" duration-ms="149635" started-at="2020-07-30T13:28:30 IST" finished-at="2020-07-30T13:31:00 IST">
    <groups>
    </groups>
    <test name="Default test" duration-ms="149635" started-at="2020-07-30T13:28:30 IST" finished-at="2020-07-30T13:31:00 IST">
      <class name="com.project.tests.Xperia">
        <test-method status="PASS" signature="setUp()[pri:0, instance:com.project.tests.Xperia@551aa95a]" name="setUp" duration-ms="149608" started-at="2020-07-30T13:28:30 IST" finished-at="2020-07-30T13:31:00 IST">
          <reporter-output>
          </reporter-output>
        </test-method> <!-- setUp -->
      </class> <!-- com.project.tests.Xperia -->
    </test> <!-- Default test -->
  </suite> <!-- Default suite -->
</testng-results>
